[01m[K/home/sunbochen/Desktop/COML_Hardware/COML_in_snap/src/snap/src/nodes/esc_interface_node.cpp:[m[K In member function ‘[01m[Kbool acl::snap::ESCInterfaceNode::arm()[m[K’:
[01m[K/home/sunbochen/Desktop/COML_Hardware/COML_in_snap/src/snap/src/nodes/esc_interface_node.cpp:108:33:[m[K [01;35m[Kwarning: [m[Kno return statement in function returning non-void [[01;35m[K-Wreturn-type[m[K]
  108 |     bool arm() { srvcall(true); [01;35m[K}[m[K
      |                                 [01;35m[K^[m[K
[01m[K/home/sunbochen/Desktop/COML_Hardware/COML_in_snap/src/snap/src/nodes/esc_interface_node.cpp:[m[K In member function ‘[01m[Kbool acl::snap::ESCInterfaceNode::disarm()[m[K’:
[01m[K/home/sunbochen/Desktop/COML_Hardware/COML_in_snap/src/snap/src/nodes/esc_interface_node.cpp:110:37:[m[K [01;35m[Kwarning: [m[Kno return statement in function returning non-void [[01;35m[K-Wreturn-type[m[K]
  110 |     bool disarm() { srvcall(false); [01;35m[K}[m[K
      |                                     [01;35m[K^[m[K
[01m[K/home/sunbochen/Desktop/COML_Hardware/COML_in_snap/src/snap/src/common/SnapdragonDebugPrint.cpp:[m[K In function ‘[01m[Kint snapdragon_debug_print(SnapDebugPrintType, const char*, ...)[m[K’:
[01m[K/home/sunbochen/Desktop/COML_Hardware/COML_in_snap/src/snap/src/common/SnapdragonDebugPrint.cpp:55:40:[m[K [01;35m[Kwarning: [m[Kformat ‘[01m[K%lld[m[K’ expects argument of type ‘[01m[Klong long int[m[K’, but argument 4 has type ‘[01m[Kstd::chrono::duration<long int, std::ratio<1, 1000000> >::rep[m[K’ {aka ‘[01m[Klong int[m[K’} [[01;35m[K-Wformat=[m[K]
   55 |     snprintf(header, HEADER_SIZE, "[[01;35m[K%lld[m[K] SNAP INFO: ",
      |                                     [01;35m[K~~~^[m[K
      |                                        [01;35m[K|[m[K
      |                                        [01;35m[Klong long int[m[K
      |                                     [32m[K%ld[m[K
   56 |       [32m[Kstd::chrono::duration_cast<std::chrono::microseconds>[m[K
      |       [32m[K~~~~~~~~~~~~~~~~~~~~~~~~~~~~~~~~~~~~~~~~~~~~~~~~~~~~~[m[K
   57 | [32m[K      ( std::chrono::steady_clock::now().time_since_epoch() ).count()[m[K );
      |       [32m[K~~~~~~~~~~~~~~~~~~~~~~~~~~~~~~~~~~~~~~~~~~~~~~~~~~~~~~~~~~~~~~~[m[K
      |                                                                    [32m[K|[m[K
      |                                                                    [32m[Kstd::chrono::duration<long int, std::ratio<1, 1000000> >::rep {aka long int}[m[K
[01m[K/home/sunbochen/Desktop/COML_Hardware/COML_in_snap/src/snap/src/common/SnapdragonDebugPrint.cpp:62:40:[m[K [01;35m[Kwarning: [m[Kformat ‘[01m[K%lld[m[K’ expects argument of type ‘[01m[Klong long int[m[K’, but argument 4 has type ‘[01m[Kstd::chrono::duration<long int, std::ratio<1, 1000000> >::rep[m[K’ {aka ‘[01m[Klong int[m[K’} [[01;35m[K-Wformat=[m[K]
   62 |     snprintf(header, HEADER_SIZE, "[[01;35m[K%lld[m[K] SNAP ERROR: ",
      |                                     [01;35m[K~~~^[m[K
      |                                        [01;35m[K|[m[K
      |                                        [01;35m[Klong long int[m[K
      |                                     [32m[K%ld[m[K
   63 |             [32m[Kstd::chrono::duration_cast<std::chrono::microseconds>[m[K
      |             [32m[K~~~~~~~~~~~~~~~~~~~~~~~~~~~~~~~~~~~~~~~~~~~~~~~~~~~~~[m[K
   64 | [32m[K            ( std::chrono::steady_clock::now().time_since_epoch() ).count()[m[K );
      |             [32m[K~~~~~~~~~~~~~~~~~~~~~~~~~~~~~~~~~~~~~~~~~~~~~~~~~~~~~~~~~~~~~~~[m[K
      |                                                                          [32m[K|[m[K
      |                                                                          [32m[Kstd::chrono::duration<long int, std::ratio<1, 1000000> >::rep {aka long int}[m[K
[01m[K/home/sunbochen/Desktop/COML_Hardware/COML_in_snap/src/snap/src/common/SnapdragonDebugPrint.cpp:69:40:[m[K [01;35m[Kwarning: [m[Kformat ‘[01m[K%lld[m[K’ expects argument of type ‘[01m[Klong long int[m[K’, but argument 4 has type ‘[01m[Kstd::chrono::duration<long int, std::ratio<1, 1000000> >::rep[m[K’ {aka ‘[01m[Klong int[m[K’} [[01;35m[K-Wformat=[m[K]
   69 |     snprintf(header, HEADER_SIZE, "[[01;35m[K%lld[m[K] SNAP WARNING: ",
      |                                     [01;35m[K~~~^[m[K
      |                                        [01;35m[K|[m[K
      |                                        [01;35m[Klong long int[m[K
      |                                     [32m[K%ld[m[K
   70 |             [32m[Kstd::chrono::duration_cast<std::chrono::microseconds>[m[K
      |             [32m[K~~~~~~~~~~~~~~~~~~~~~~~~~~~~~~~~~~~~~~~~~~~~~~~~~~~~~[m[K
   71 | [32m[K            ( std::chrono::steady_clock::now().time_since_epoch() ).count()[m[K );
      |             [32m[K~~~~~~~~~~~~~~~~~~~~~~~~~~~~~~~~~~~~~~~~~~~~~~~~~~~~~~~~~~~~~~~[m[K
      |                                                                          [32m[K|[m[K
      |                                                                          [32m[Kstd::chrono::duration<long int, std::ratio<1, 1000000> >::rep {aka long int}[m[K
[01m[K/home/sunbochen/Desktop/COML_Hardware/COML_in_snap/src/snap/src/common/SnapdragonDebugPrint.cpp:76:40:[m[K [01;35m[Kwarning: [m[Kformat ‘[01m[K%lld[m[K’ expects argument of type ‘[01m[Klong long int[m[K’, but argument 4 has type ‘[01m[Kstd::chrono::duration<long int, std::ratio<1, 1000000> >::rep[m[K’ {aka ‘[01m[Klong int[m[K’} [[01;35m[K-Wformat=[m[K]
   76 |     snprintf(header, HEADER_SIZE, "[[01;35m[K%lld[m[K] SNAP: ",
      |                                     [01;35m[K~~~^[m[K
      |                                        [01;35m[K|[m[K
      |                                        [01;35m[Klong long int[m[K
      |                                     [32m[K%ld[m[K
   77 |             [32m[Kstd::chrono::duration_cast<std::chrono::microseconds>[m[K
      |             [32m[K~~~~~~~~~~~~~~~~~~~~~~~~~~~~~~~~~~~~~~~~~~~~~~~~~~~~~[m[K
   78 | [32m[K            ( std::chrono::steady_clock::now().time_since_epoch() ).count()[m[K );
      |             [32m[K~~~~~~~~~~~~~~~~~~~~~~~~~~~~~~~~~~~~~~~~~~~~~~~~~~~~~~~~~~~~~~~[m[K
      |                                                                          [32m[K|[m[K
      |                                                                          [32m[Kstd::chrono::duration<long int, std::ratio<1, 1000000> >::rep {aka long int}[m[K
[01m[K/home/sunbochen/Desktop/COML_Hardware/COML_in_snap/src/snap/src/common/SnapdragonDebugPrint.cpp:83:48:[m[K [01;35m[Kwarning: [m[Kformat not a string literal and no format arguments [[01;35m[K-Wformat-security[m[K]
   83 |   fprintf(stream, strcat(combined_string, "\n")[01;35m[K)[m[K;
      |                                                [01;35m[K^[m[K
[01m[K/home/sunbochen/Desktop/COML_Hardware/COML_in_snap/src/snap/src/imu/SnapdragonImuManager.cpp:[m[K In member function ‘[01m[Kint32_t Snapdragon::ImuManager::Terminate()[m[K’:
[01m[K/home/sunbochen/Desktop/COML_Hardware/COML_in_snap/src/snap/src/imu/SnapdragonImuManager.cpp:161:1:[m[K [01;35m[Kwarning: [m[Kno return statement in function returning non-void [[01;35m[K-Wreturn-type[m[K]
  161 | [01;35m[K}[m[K
      | [01;35m[K^[m[K
[01m[K/home/sunbochen/Desktop/COML_Hardware/COML_in_snap/src/snap/src/esc/SnapdragonEscManager.cpp:[m[K In member function ‘[01m[Kint32_t Snapdragon::EscManager::Terminate()[m[K’:
[01m[K/home/sunbochen/Desktop/COML_Hardware/COML_in_snap/src/snap/src/esc/SnapdragonEscManager.cpp:71:1:[m[K [01;35m[Kwarning: [m[Kno return statement in function returning non-void [[01;35m[K-Wreturn-type[m[K]
   71 | [01;35m[K}[m[K
      | [01;35m[K^[m[K
